生成启动时间为 2016/10/10 17:14:23。
     1>项目“C:\Users\quhw16655.HS\documents\visual studio 2012\Projects\20161008algorithm\20161010quickSort\20161010quickSort.vcxproj”在节点 2 上(Build 个目标)。
     1>ClCompile:
         C:\Program Files (x86)\Microsoft Visual Studio 11.0\VC\bin\CL.exe /c /ZI /nologo /W3 /WX- /Od /Oy- /D WIN32 /D _DEBUG /D _CONSOLE /D _UNICODE /D UNICODE /Gm /EHsc /RTC1 /MDd /GS /fp:precise /Zc:wchar_t /Zc:forScope /Fo"Debug\\" /Fd"Debug\vc110.pdb" /Gd /TC /analyze- /errorReport:prompt quickSort.c
         quickSort.c
     1>c:\users\quhw16655.hs\documents\visual studio 2012\projects\20161008algorithm\20161010quicksort\quicksort.c(24): error C2275: “Range”: 将此类型用作表达式非法
                 c:\users\quhw16655.hs\documents\visual studio 2012\projects\20161008algorithm\20161010quicksort\quicksort.h(9) : 参见“Range”的声明
     1>c:\users\quhw16655.hs\documents\visual studio 2012\projects\20161008algorithm\20161010quicksort\quicksort.c(24): error C2065: “r”: 未声明的标识符
     1>c:\users\quhw16655.hs\documents\visual studio 2012\projects\20161008algorithm\20161010quicksort\quicksort.c(25): error C2065: “r”: 未声明的标识符
     1>c:\users\quhw16655.hs\documents\visual studio 2012\projects\20161008algorithm\20161010quicksort\quicksort.c(25): warning C4047: “=”:“int”与“Range *”的间接级别不同
     1>c:\users\quhw16655.hs\documents\visual studio 2012\projects\20161008algorithm\20161010quicksort\quicksort.c(26): error C2143: 语法错误 : 缺少“;”(在“类型”的前面)
     1>c:\users\quhw16655.hs\documents\visual studio 2012\projects\20161008algorithm\20161010quicksort\quicksort.c(27): error C2065: “r”: 未声明的标识符
     1>c:\users\quhw16655.hs\documents\visual studio 2012\projects\20161008algorithm\20161010quicksort\quicksort.c(27): error C2065: “p”: 未声明的标识符
     1>c:\users\quhw16655.hs\documents\visual studio 2012\projects\20161008algorithm\20161010quicksort\quicksort.c(27): error C2109: 下标要求数组或指针类型
     1>c:\users\quhw16655.hs\documents\visual studio 2012\projects\20161008algorithm\20161010quicksort\quicksort.c(28): error C2065: “p”: 未声明的标识符
     1>c:\users\quhw16655.hs\documents\visual studio 2012\projects\20161008algorithm\20161010quicksort\quicksort.c(30): error C2065: “r”: 未声明的标识符
     1>c:\users\quhw16655.hs\documents\visual studio 2012\projects\20161008algorithm\20161010quicksort\quicksort.c(30): error C2065: “p”: 未声明的标识符
     1>c:\users\quhw16655.hs\documents\visual studio 2012\projects\20161008algorithm\20161010quicksort\quicksort.c(30): error C2109: 下标要求数组或指针类型
     1>c:\users\quhw16655.hs\documents\visual studio 2012\projects\20161008algorithm\20161010quicksort\quicksort.c(33): error C2143: 语法错误 : 缺少“;”(在“类型”的前面)
     1>c:\users\quhw16655.hs\documents\visual studio 2012\projects\20161008algorithm\20161010quicksort\quicksort.c(34): error C2143: 语法错误 : 缺少“;”(在“类型”的前面)
     1>c:\users\quhw16655.hs\documents\visual studio 2012\projects\20161008algorithm\20161010quicksort\quicksort.c(35): error C2065: “left”: 未声明的标识符
     1>c:\users\quhw16655.hs\documents\visual studio 2012\projects\20161008algorithm\20161010quicksort\quicksort.c(35): error C2065: “right”: 未声明的标识符
     1>c:\users\quhw16655.hs\documents\visual studio 2012\projects\20161008algorithm\20161010quicksort\quicksort.c(37): error C2065: “left”: 未声明的标识符
     1>c:\users\quhw16655.hs\documents\visual studio 2012\projects\20161008algorithm\20161010quicksort\quicksort.c(37): error C2065: “mid”: 未声明的标识符
     1>c:\users\quhw16655.hs\documents\visual studio 2012\projects\20161008algorithm\20161010quicksort\quicksort.c(37): error C2065: “right”: 未声明的标识符
     1>c:\users\quhw16655.hs\documents\visual studio 2012\projects\20161008algorithm\20161010quicksort\quicksort.c(38): error C2065: “left”: 未声明的标识符
     1>c:\users\quhw16655.hs\documents\visual studio 2012\projects\20161008algorithm\20161010quicksort\quicksort.c(39): error C2065: “right”: 未声明的标识符
     1>c:\users\quhw16655.hs\documents\visual studio 2012\projects\20161008algorithm\20161010quicksort\quicksort.c(39): error C2065: “mid”: 未声明的标识符
     1>c:\users\quhw16655.hs\documents\visual studio 2012\projects\20161008algorithm\20161010quicksort\quicksort.c(39): error C2065: “left”: 未声明的标识符
     1>c:\users\quhw16655.hs\documents\visual studio 2012\projects\20161008algorithm\20161010quicksort\quicksort.c(40): error C2065: “right”: 未声明的标识符
     1>c:\users\quhw16655.hs\documents\visual studio 2012\projects\20161008algorithm\20161010quicksort\quicksort.c(41): error C2065: “left”: 未声明的标识符
     1>c:\users\quhw16655.hs\documents\visual studio 2012\projects\20161008algorithm\20161010quicksort\quicksort.c(41): error C2065: “right”: 未声明的标识符
     1>c:\users\quhw16655.hs\documents\visual studio 2012\projects\20161008algorithm\20161010quicksort\quicksort.c(43): error C2065: “left”: 未声明的标识符
     1>c:\users\quhw16655.hs\documents\visual studio 2012\projects\20161008algorithm\20161010quicksort\quicksort.c(44): error C2065: “left”: 未声明的标识符
     1>c:\users\quhw16655.hs\documents\visual studio 2012\projects\20161008algorithm\20161010quicksort\quicksort.c(46): error C2065: “left”: 未声明的标识符
     1>c:\users\quhw16655.hs\documents\visual studio 2012\projects\20161008algorithm\20161010quicksort\quicksort.c(47): error C2065: “r”: 未声明的标识符
     1>c:\users\quhw16655.hs\documents\visual studio 2012\projects\20161008algorithm\20161010quicksort\quicksort.c(47): error C2065: “p”: 未声明的标识符
     1>c:\users\quhw16655.hs\documents\visual studio 2012\projects\20161008algorithm\20161010quicksort\quicksort.c(47): error C2109: 下标要求数组或指针类型
     1>c:\users\quhw16655.hs\documents\visual studio 2012\projects\20161008algorithm\20161010quicksort\quicksort.c(47): error C2065: “left”: 未声明的标识符
     1>c:\users\quhw16655.hs\documents\visual studio 2012\projects\20161008algorithm\20161010quicksort\quicksort.c(48): error C2065: “r”: 未声明的标识符
     1>c:\users\quhw16655.hs\documents\visual studio 2012\projects\20161008algorithm\20161010quicksort\quicksort.c(48): error C2065: “p”: 未声明的标识符
     1>c:\users\quhw16655.hs\documents\visual studio 2012\projects\20161008algorithm\20161010quicksort\quicksort.c(48): error C2109: 下标要求数组或指针类型
     1>c:\users\quhw16655.hs\documents\visual studio 2012\projects\20161008algorithm\20161010quicksort\quicksort.c(48): error C2065: “left”: 未声明的标识符
     1>c:\users\quhw16655.hs\documents\visual studio 2012\projects\20161008algorithm\20161010quicksort\quicksort.c(50): error C2065: “r”: 未声明的标识符
     1>c:\users\quhw16655.hs\documents\visual studio 2012\projects\20161008algorithm\20161010quicksort\quicksort.c(50): warning C4022: “free”: 指针与实参 1 不匹配
     1>已完成生成项目“C:\Users\quhw16655.HS\documents\visual studio 2012\Projects\20161008algorithm\20161010quickSort\20161010quickSort.vcxproj”(Build 个目标)的操作 - 失败。

生成失败。

已用时间 00:00:00.45
