生成启动时间为 2016/2/17 11:21:44。
     1>项目“c:\Users\quhw16655\documents\visual studio 2012\Projects\makeDLL\secondDLL\secondDLL.vcxproj”在节点 2 上(Build 个目标)。
     1>ClCompile:
         C:\Program Files (x86)\Microsoft Visual Studio 11.0\VC\bin\CL.exe /c /ZI /nologo /W3 /WX- /sdl /Od /Oy- /D WIN32 /D _DEBUG /D _WINDOWS /D _USRDLL /D SECONDDLL_EXPORTS /D _WINDLL /D _UNICODE /D UNICODE /Gm /EHsc /RTC1 /MDd /GS /fp:precise /Zc:wchar_t /Zc:forScope /Yc"stdafx.h" /Fp"Debug\secondDLL.pch" /Fo"Debug\\" /Fd"Debug\vc110.pdb" /Gd /TP /analyze- /errorReport:prompt stdafx.cpp
         stdafx.cpp
         C:\Program Files (x86)\Microsoft Visual Studio 11.0\VC\bin\CL.exe /c /ZI /nologo /W3 /WX- /sdl /Od /Oy- /D WIN32 /D _DEBUG /D _WINDOWS /D _USRDLL /D SECONDDLL_EXPORTS /D _WINDLL /D _UNICODE /D UNICODE /Gm /EHsc /RTC1 /MDd /GS /fp:precise /Zc:wchar_t /Zc:forScope /Fo"Debug\\" /Fd"Debug\vc110.pdb" /Gd /TP /analyze- /errorReport:prompt dllmain.cpp
         dllmain.cpp
         C:\Program Files (x86)\Microsoft Visual Studio 11.0\VC\bin\CL.exe /c /ZI /nologo /W3 /WX- /sdl /Od /Oy- /D WIN32 /D _DEBUG /D _WINDOWS /D _USRDLL /D SECONDDLL_EXPORTS /D _WINDLL /D _UNICODE /D UNICODE /Gm /EHsc /RTC1 /MDd /GS /fp:precise /Zc:wchar_t /Zc:forScope /Yu"stdafx.h" /Fp"Debug\secondDLL.pch" /Fo"Debug\\" /Fd"Debug\vc110.pdb" /Gd /TP /analyze- /errorReport:prompt MyCode.cpp secondDLL.cpp
         secondDLL.cpp
         MyCode.cpp
     1>c:\users\quhw16655\documents\visual studio 2012\projects\makedll\seconddll\mycode.cpp(4): warning C4273: “Add”: dll 链接不一致
                 c:\users\quhw16655\documents\visual studio 2012\projects\makedll\seconddll\mycode.h(8) : 参见“Add”的前一个定义
         正在生成代码...
       Link:
         C:\Program Files (x86)\Microsoft Visual Studio 11.0\VC\bin\link.exe /ERRORREPORT:PROMPT /OUT:"c:\users\quhw16655\documents\visual studio 2012\Projects\makeDLL\Debug\secondDLL.dll" /INCREMENTAL /NOLOGO kernel32.lib user32.lib gdi32.lib winspool.lib comdlg32.lib advapi32.lib shell32.lib ole32.lib oleaut32.lib uuid.lib odbc32.lib odbccp32.lib /MANIFEST /MANIFESTUAC:"level='asInvoker' uiAccess='false'" /manifest:embed /DEBUG /PDB:"c:\users\quhw16655\documents\visual studio 2012\Projects\makeDLL\Debug\secondDLL.pdb" /SUBSYSTEM:WINDOWS /TLBID:1 /DYNAMICBASE /NXCOMPAT /IMPLIB:"c:\users\quhw16655\documents\visual studio 2012\Projects\makeDLL\Debug\secondDLL.lib" /MACHINE:X86 /DLL Debug\dllmain.obj
         Debug\MyCode.obj
         Debug\secondDLL.obj
         Debug\stdafx.obj
            正在创建库 c:\users\quhw16655\documents\visual studio 2012\Projects\makeDLL\Debug\secondDLL.lib 和对象 c:\users\quhw16655\documents\visual studio 2012\Projects\makeDLL\Debug\secondDLL.exp
         secondDLL.vcxproj -> c:\users\quhw16655\documents\visual studio 2012\Projects\makeDLL\Debug\secondDLL.dll
     1>已完成生成项目“c:\Users\quhw16655\documents\visual studio 2012\Projects\makeDLL\secondDLL\secondDLL.vcxproj”(Build 个目标)的操作。

生成成功。

已用时间 00:00:02.98
