生成启动时间为 2016/9/27 15:27:53。
     1>项目“c:\Users\quhw16655.hs\documents\visual studio 2012\Projects\20160927\20160927\20160927.vcxproj”在节点 2 上(Build 个目标)。
     1>ClCompile:
         C:\Program Files (x86)\Microsoft Visual Studio 11.0\VC\bin\CL.exe /c /ZI /nologo /W3 /WX- /Od /Oy- /D WIN32 /D _DEBUG /D _CONSOLE /D _UNICODE /D UNICODE /Gm /EHsc /RTC1 /MDd /GS /fp:precise /Zc:wchar_t /Zc:forScope /Fo"Debug\\" /Fd"Debug\vc110.pdb" /Gd /TC /analyze- /errorReport:prompt free_solution.c
         free_solution.c
     1>c:\users\quhw16655.hs\documents\visual studio 2012\projects\20160927\20160927\free_solution.c(9): warning C4047: “初始化”:“char *”与“char (*)[10]”的间接级别不同
     1>c:\users\quhw16655.hs\documents\visual studio 2012\projects\20160927\20160927\free_solution.c(12): warning C4047: “初始化”:“THsPackField *”与“char (*)[10]”的间接级别不同
     1>c:\users\quhw16655.hs\documents\visual studio 2012\projects\20160927\20160927\free_solution.c(15): warning C4047: “初始化”:“THsPackRow *”与“char (*)[10]”的间接级别不同
     1>c:\users\quhw16655.hs\documents\visual studio 2012\projects\20160927\20160927\free_solution.c(22): warning C4047: “初始化”:“char *”与“char (*)[10]”的间接级别不同
     1>c:\users\quhw16655.hs\documents\visual studio 2012\projects\20160927\20160927\free_solution.c(361): warning C4996: 'strcpy': This function or variable may be unsafe. Consider using strcpy_s instead. To disable deprecation, use _CRT_SECURE_NO_WARNINGS. See online help for details.
                 c:\program files (x86)\microsoft visual studio 11.0\vc\include\string.h(110) : 参见“strcpy”的声明
     1>c:\users\quhw16655.hs\documents\visual studio 2012\projects\20160927\20160927\free_solution.c(415): warning C4996: 'strcpy': This function or variable may be unsafe. Consider using strcpy_s instead. To disable deprecation, use _CRT_SECURE_NO_WARNINGS. See online help for details.
                 c:\program files (x86)\microsoft visual studio 11.0\vc\include\string.h(110) : 参见“strcpy”的声明
     1>c:\users\quhw16655.hs\documents\visual studio 2012\projects\20160927\20160927\free_solution.c(179): warning C4700: 使用了未初始化的局部变量“j”
       Link:
         C:\Program Files (x86)\Microsoft Visual Studio 11.0\VC\bin\link.exe /ERRORREPORT:PROMPT /OUT:"c:\users\quhw16655.hs\documents\visual studio 2012\Projects\20160927\Debug\20160927.exe" /INCREMENTAL /NOLOGO kernel32.lib user32.lib gdi32.lib winspool.lib comdlg32.lib advapi32.lib shell32.lib ole32.lib oleaut32.lib uuid.lib odbc32.lib odbccp32.lib /MANIFEST /MANIFESTUAC:"level='asInvoker' uiAccess='false'" /manifest:embed /DEBUG /PDB:"c:\users\quhw16655.hs\documents\visual studio 2012\Projects\20160927\Debug\20160927.pdb" /SUBSYSTEM:CONSOLE /TLBID:1 /DYNAMICBASE /NXCOMPAT /IMPLIB:"c:\users\quhw16655.hs\documents\visual studio 2012\Projects\20160927\Debug\20160927.lib" /MACHINE:X86 Debug\free_solution.obj
         20160927.vcxproj -> c:\users\quhw16655.hs\documents\visual studio 2012\Projects\20160927\Debug\20160927.exe
     1>已完成生成项目“c:\Users\quhw16655.hs\documents\visual studio 2012\Projects\20160927\20160927\20160927.vcxproj”(Build 个目标)的操作。

生成成功。

已用时间 00:00:00.60
